17:19:20.244 [main] INFO  testCases.TC_001_LoginTest - Starting TC_002_LoginTest
17:19:20.861 [main] INFO  testCases.TC_001_LoginTest -  Finished TC_001_LoginTest
17:19:50.403 [main] INFO  testCases.TC_001_LoginTest - Starting TC_002_LoginTest
17:19:50.753 [main] INFO  testCases.TC_001_LoginTest -  Finished TC_001_LoginTest
17:24:20.964 [main] INFO  testCases.TC_001_LoginTest - Starting TC_002_LoginTest
17:24:21.474 [main] INFO  testCases.TC_001_LoginTest -  Finished TC_001_LoginTest
17:28:18.952 [main] INFO  testCases.TC_001_LoginTest - Starting TC_002_LoginTest
17:28:19.476 [main] INFO  testCases.TC_001_LoginTest - Finished TC_001_LoginTest
17:40:20.543 [main] INFO  testCases.TC_001_LoginTest - Starting TC_002_LoginTest
17:40:20.970 [main] INFO  testCases.TC_001_LoginTest - Finished TC_001_LoginTest
18:59:07.367 [main] INFO  testCases.TC_001_HomePageTest - Starting
18:59:07.388 [main] INFO  testCases.TC_001_HomePageTest - Finished TC_001_LoginTest
20:32:16.334 [main] INFO  testCases.TC_001_HomePageTest - Starting
20:47:32.182 [main] INFO  testCases.TC_001_HomePageTest - Starting
20:53:08.104 [main] INFO  testCases.TC_001_HomePageTest - Starting
21:11:51.942 [main] INFO  testCases.TC_001_HomePageTest - Starting
21:15:06.418 [main] INFO  testCases.TC_001_HomePageTest - Starting
21:20:26.640 [main] INFO  testCases.TC_001_HomePageTest - Starting
21:21:51.480 [main] INFO  testCases.TC_001_HomePageTest - Starting
21:26:20.696 [main] INFO  testCases.TC_001_HomePageTest - Starting
21:30:17.356 [main] INFO  testCases.TC_001_HomePageTest - Starting
21:36:50.024 [main] INFO  testCases.TC_001_HomePageTest - Starting
21:40:32.125 [main] INFO  testCases.TC_001_HomePageTest - Starting
21:48:31.469 [main] INFO  testCases.TC_001_HomePageTest - Starting
21:48:40.699 [main] INFO  testCases.TC_001_HomePageTest - Finished TC_001_LoginTest
22:10:09.057 [main] INFO  testCases.TC_001_HomePageTest - Starting
22:11:53.417 [main] INFO  testCases.TC_001_HomePageTest - Starting
22:14:21.951 [main] INFO  testCases.TC_001_HomePageTest - Starting
22:16:44.531 [main] INFO  testCases.TC_001_HomePageTest - Starting
22:20:04.907 [main] INFO  testCases.TC_001_HomePageTest - Starting
22:22:33.618 [main] INFO  testCases.TC_001_HomePageTest - Starting
22:25:29.440 [main] INFO  testCases.TC_001_HomePageTest - Starting
22:30:47.455 [main] INFO  testCases.TC_001_HomePageTest - Starting
22:33:10.591 [main] INFO  testCases.TC_001_HomePageTest - Starting
